<?xml version="1.0" encoding="UTF-8"?>
<!-- Generated by org.testng.reporters.JUnitReportReporter -->
<testsuite hostname="DESKTOP-68OQ1K7" failures="0" tests="1" name="Package1.PostAndPut" time="12.191" errors="0" timestamp="2022-05-17T22:51:22 IST" skipped="0">
  <testcase classname="Package1.PostAndPut" name="put" time="12.191"/>
  <system-out/>
</testsuite> <!-- Package1.PostAndPut -->
