<?xml version="1.0" encoding="UTF-8"?>
<!-- Generated by org.testng.reporters.JUnitReportReporter -->
<testsuite hostname="DESKTOP-68OQ1K7" failures="0" tests="1" name="EndToEndPractice.EndToEndscenario" time="8.531" errors="0" timestamp="2022-05-20T15:21:29 IST" skipped="0">
  <testcase classname="EndToEndPractice.EndToEndscenario" name="endtoendScenario" time="8.531"/>
  <system-out/>
</testsuite> <!-- EndToEndPractice.EndToEndscenario -->
