<?xml version="1.0" encoding="UTF-8"?>
<!-- Generated by org.testng.reporters.JUnitReportReporter -->
<testsuite hostname="DESKTOP-68OQ1K7" failures="0" tests="1" name="Package1.patchProject" time="11.015" errors="0" timestamp="2022-05-18T09:55:15 IST" skipped="0">
  <testcase classname="Package1.patchProject" name="patchmethod" time="11.015"/>
  <system-out/>
</testsuite> <!-- Package1.patchProject -->
