<?xml version="1.0" encoding="UTF-8"?>
<!-- Generated by org.testng.reporters.JUnitReportReporter -->
<testsuite hostname="DESKTOP-68OQ1K7" failures="0" tests="1" name="authentication.OAuth2Test" time="8.967" errors="0" timestamp="2022-05-19T14:26:02 IST" skipped="0">
  <testcase classname="authentication.OAuth2Test" name="oauthCoops" time="8.967"/>
  <system-out/>
</testsuite> <!-- authentication.OAuth2Test -->
