<?xml version="1.0" encoding="UTF-8"?>
<!-- Generated by org.testng.reporters.JUnitReportReporter -->
<testsuite hostname="DESKTOP-68OQ1K7" failures="0" tests="1" name="practice1.reqChain" time="7.538" errors="0" timestamp="2022-05-19T15:00:06 IST" skipped="0">
  <testcase classname="practice1.reqChain" name="delete" time="7.538"/>
  <system-out/>
</testsuite> <!-- practice1.reqChain -->
