<?xml version="1.0" encoding="UTF-8"?>
<!-- Generated by org.testng.reporters.JUnitReportReporter -->
<testsuite hostname="DESKTOP-68OQ1K7" failures="0" tests="1" name="parameterS.RequestChaining" time="7.626" errors="0" timestamp="2022-05-18T18:05:36 IST" skipped="0">
  <testcase classname="parameterS.RequestChaining" name="postandGet" time="7.626"/>
  <system-out/>
</testsuite> <!-- parameterS.RequestChaining -->
