<?xml version="1.0" encoding="UTF-8"?>
<!-- Generated by org.testng.reporters.JUnitReportReporter -->
<testsuite hostname="DESKTOP-68OQ1K7" failures="0" tests="1" name="authentication.BearerToken" time="10.032" errors="0" timestamp="2022-05-28T10:45:19 IST" skipped="0">
  <testcase classname="authentication.BearerToken" name="bearerToken" time="10.032"/>
  <system-out/>
</testsuite> <!-- authentication.BearerToken -->
