<?xml version="1.0" encoding="UTF-8"?>
<!-- Generated by org.testng.reporters.JUnitReportReporter -->
<testsuite hostname="DESKTOP-68OQ1K7" failures="0" tests="2" name="withBDD.CreatingProjectUsingDataProvider" time="6.103" errors="0" timestamp="2022-05-18T13:25:27 IST" skipped="0">
  <testcase classname="withBDD.CreatingProjectUsingDataProvider" name="createProjectfromDataProvider" time="5.870"/>
  <system-out/>
  <testcase classname="withBDD.CreatingProjectUsingDataProvider" name="createProjectfromDataProvider" time="0.233"/>
  <system-out/>
</testsuite> <!-- withBDD.CreatingProjectUsingDataProvider -->
