<?xml version="1.0" encoding="UTF-8"?>
<!-- Generated by org.testng.reporters.JUnitReportReporter -->
<testsuite hostname="DESKTOP-68OQ1K7" failures="0" tests="1" name="practice1.EndToEndscenario" time="9.717" errors="0" timestamp="2022-05-19T16:35:59 IST" skipped="0">
  <testcase classname="practice1.EndToEndscenario" name="endtoend" time="9.717"/>
  <system-out/>
</testsuite> <!-- practice1.EndToEndscenario -->
