<?xml version="1.0" encoding="UTF-8"?>
<!-- Generated by org.testng.reporters.JUnitReportReporter -->
<testsuite hostname="DESKTOP-68OQ1K7" failures="0" tests="1" name="EndToEndPractice.PostGetPutGetDeleteGet" time="8.290" errors="0" timestamp="2022-05-19T23:16:58 IST" skipped="0">
  <testcase classname="EndToEndPractice.PostGetPutGetDeleteGet" name="post" time="8.290"/>
  <system-out/>
</testsuite> <!-- EndToEndPractice.PostGetPutGetDeleteGet -->
