<?xml version="1.0" encoding="UTF-8"?>
<!-- Generated by org.testng.reporters.JUnitReportReporter -->
<testsuite hostname="DESKTOP-68OQ1K7" failures="0" tests="1" name="verifiCationMethods.staticResponseValidationTest" time="6.038" errors="0" timestamp="2022-05-18T15:38:36 IST" skipped="0">
  <testcase classname="verifiCationMethods.staticResponseValidationTest" name="dynamicResponse" time="6.038"/>
  <system-out/>
</testsuite> <!-- verifiCationMethods.staticResponseValidationTest -->
