<?xml version="1.0" encoding="UTF-8"?>
<!-- Generated by org.testng.reporters.JUnitReportReporter -->
<testsuite hostname="DESKTOP-68OQ1K7" failures="0" tests="1" name="withBDD.UsingWhen" time="6.034" errors="0" timestamp="2022-05-18T17:40:07 IST" skipped="0">
  <testcase classname="withBDD.UsingWhen" name="getProject" time="6.034"/>
  <system-out/>
</testsuite> <!-- withBDD.UsingWhen -->
