<?xml version="1.0" encoding="UTF-8"?>
<!-- Generated by org.testng.reporters.JUnitReportReporter -->
<testsuite hostname="DESKTOP-68OQ1K7" failures="0" tests="1" name="parameterS.Parameters" time="6.614" errors="0" timestamp="2022-05-18T16:54:03 IST" skipped="0">
  <testcase classname="parameterS.Parameters" name="gitParametersssss" time="6.614"/>
  <system-out/>
</testsuite> <!-- parameterS.Parameters -->
