<?xml version="1.0" encoding="UTF-8"?>
<!-- Generated by org.testng.reporters.JUnitReportReporter -->
<testsuite hostname="DESKTOP-68OQ1K7" failures="0" tests="1" name="verifiCationMethods.HamcrestResp" time="7.534" errors="0" timestamp="2022-05-19T14:47:31 IST" skipped="0">
  <testcase classname="verifiCationMethods.HamcrestResp" name="HamcrestResponse" time="7.534"/>
  <system-out/>
</testsuite> <!-- verifiCationMethods.HamcrestResp -->
