<?xml version="1.0" encoding="UTF-8"?>
<!-- Generated by org.testng.reporters.JUnitReportReporter -->
<testsuite hostname="DESKTOP-68OQ1K7" failures="0" tests="1" name="withBDD.Diff_WaysOfCreatingProject" time="6.193" errors="0" timestamp="2022-05-18T12:55:22 IST" skipped="0">
  <testcase classname="withBDD.Diff_WaysOfCreatingProject" name="createfromPOJO" time="6.193"/>
  <system-out/>
</testsuite> <!-- withBDD.Diff_WaysOfCreatingProject -->
