<?xml version="1.0" encoding="UTF-8"?>
<!-- Generated by org.testng.reporters.JUnitReportReporter -->
<testsuite hostname="DESKTOP-68OQ1K7" failures="0" tests="1" name="genericLib.JavaUtil" time="0.027" errors="0" timestamp="2022-05-20T14:09:05 IST" skipped="0">
  <testcase classname="genericLib.JavaUtil" name="randomNumber" time="0.027"/>
  <system-out/>
</testsuite> <!-- genericLib.JavaUtil -->
