<?xml version="1.0" encoding="UTF-8"?>
<!-- Generated by org.testng.reporters.JUnitReportReporter -->
<testsuite hostname="DESKTOP-68OQ1K7" failures="0" tests="1" name="authentication.BearerToken" time="15.535" errors="0" timestamp="2022-05-19T11:50:20 IST" skipped="0">
  <testcase classname="authentication.BearerToken" name="bearerToken" time="15.535"/>
  <system-out/>
</testsuite> <!-- authentication.BearerToken -->
