<?xml version="1.0" encoding="UTF-8"?>
<!-- Generated by org.testng.reporters.JUnitReportReporter -->
<testsuite hostname="DESKTOP-68OQ1K7" failures="0" tests="1" name="Package1.RestPracctice" time="4.756" errors="0" timestamp="2022-05-17T17:42:31 IST" skipped="0">
  <testcase classname="Package1.RestPracctice" name="rest" time="4.756"/>
  <system-out/>
</testsuite> <!-- Package1.RestPracctice -->
