<?xml version="1.0" encoding="UTF-8"?>
<!-- Generated by org.testng.reporters.JUnitReportReporter -->
<testsuite hostname="DESKTOP-68OQ1K7" failures="0" tests="3" name="authentication.BasicAuth" time="11.075" errors="0" timestamp="2022-05-19T11:58:11 IST" skipped="0">
  <testcase classname="authentication.BasicAuth" name="preemptiveAuth" time="0.737"/>
  <system-out/>
  <testcase classname="authentication.BasicAuth" name="basicAuth" time="10.102"/>
  <system-out/>
  <testcase classname="authentication.BasicAuth" name="digestiveAuth" time="0.236"/>
  <system-out/>
</testsuite> <!-- authentication.BasicAuth -->
